/bin/bash: /Users/nicolasbermudez/Documents/OptiStockAI/check_email_responses.sh: Operation not permitted
/bin/bash: /Users/nicolasbermudez/Documents/OptiStockAI/check_email_responses.sh: Operation not permitted
[2026-03-20 17:22 UTC] Check completed — no new responses.
/bin/bash: /Users/nicolasbermudez/Documents/OptiStockAI/check_email_responses.sh: Operation not permitted
[2026-03-20 17:30 UTC] Check completed: No new responses from outreach contacts in last 30 minutes.
/bin/bash: /Users/nicolasbermudez/Documents/OptiStockAI/check_email_responses.sh: Operation not permitted
/bin/bash: /Users/nicolasbermudez/Documents/OptiStockAI/check_email_responses.sh: Operation not permitted
[2026-03-20 18:30:00 UTC] Gmail search: no replies found from OptiStockAI outreach contacts in last 30m
/bin/bash: /Users/nicolasbermudez/Documents/OptiStockAI/check_email_responses.sh: Operation not permitted
[2026-03-20 19:00 UTC] Email monitor check: No responses found from target outreach addresses in last 30 minutes.
/bin/bash: /Users/nicolasbermudez/Documents/OptiStockAI/check_email_responses.sh: Operation not permitted
[2026-03-20 19:30 UTC] Email monitor check — 0 responses found from target senders in last 30 minutes.
/bin/bash: /Users/nicolasbermudez/Documents/OptiStockAI/check_email_responses.sh: Operation not permitted
[2026-03-20 20:00 UTC] Email monitor check: No new replies found.
/bin/bash: /Users/nicolasbermudez/Documents/OptiStockAI/check_email_responses.sh: Operation not permitted
/bin/bash: /Users/nicolasbermudez/Documents/OptiStockAI/check_email_responses.sh: Operation not permitted
[2026-03-20 21:00 UTC] Email monitor check: No new replies found
/bin/bash: /Users/nicolasbermudez/Documents/OptiStockAI/check_email_responses.sh: Operation not permitted
[2026-03-20 21:30 UTC] Check completed. No new responses found.
/bin/bash: /Users/nicolasbermudez/Documents/OptiStockAI/check_email_responses.sh: Operation not permitted
[2026-03-20 22:00 UTC] Email monitor check: No new responses found in last 30 minutes
/bin/bash: /Users/nicolasbermudez/Documents/OptiStockAI/check_email_responses.sh: Operation not permitted
/bin/bash: /Users/nicolasbermudez/Documents/OptiStockAI/check_email_responses.sh: Operation not permitted
[2026-03-20 23:00 UTC] Email monitor check: No new replies found in last 30 minutes.
/bin/bash: /Users/nicolasbermudez/Documents/OptiStockAI/check_email_responses.sh: Operation not permitted
[2026-03-20 23:30 UTC] Email monitor check: No responses from OptiStockAI outreach contacts in the last 30 minutes.
/bin/bash: /Users/nicolasbermudez/Documents/OptiStockAI/check_email_responses.sh: Operation not permitted
[2026-03-21 00:01 UTC] Check completed: No new replies found (0 messages)
/bin/bash: /Users/nicolasbermudez/Documents/OptiStockAI/check_email_responses.sh: Operation not permitted
[2026-03-21 00:30 UTC] Check completed — no new replies from OptiStockAI outreach targets.
/bin/bash: /Users/nicolasbermudez/Documents/OptiStockAI/check_email_responses.sh: Operation not permitted
[2026-03-21 01:00 UTC] Email monitor check: No new replies found.
/bin/bash: /Users/nicolasbermudez/Documents/OptiStockAI/check_email_responses.sh: Operation not permitted
[2026-03-21 01:30 UTC] Email monitor check: No new responses found from OptiStockAI outreach contacts in the last 30 minutes.
/bin/bash: /Users/nicolasbermudez/Documents/OptiStockAI/check_email_responses.sh: Operation not permitted
[2026-03-21 02:00 UTC] Check completed. No responses found from OptiStockAI outreach contacts in the last 30 minutes.
/bin/bash: /Users/nicolasbermudez/Documents/OptiStockAI/check_email_responses.sh: Operation not permitted
[2026-03-21 02:30 UTC] Email monitor check: No new replies found.
/bin/bash: /Users/nicolasbermudez/Documents/OptiStockAI/check_email_responses.sh: Operation not permitted
/bin/bash: /Users/nicolasbermudez/Documents/OptiStockAI/check_email_responses.sh: Operation not permitted
[2026-03-21 03:30 UTC] Email monitor check: 0 responses found.
/bin/bash: /Users/nicolasbermudez/Documents/OptiStockAI/check_email_responses.sh: Operation not permitted
[2026-03-21 04:00 UTC] Email monitor check: No new responses found from OptiStockAI outreach contacts.
/bin/bash: /Users/nicolasbermudez/Documents/OptiStockAI/check_email_responses.sh: Operation not permitted
[2026-03-21 04:30 UTC] Check completed. No new replies found.
/bin/bash: /Users/nicolasbermudez/Documents/OptiStockAI/check_email_responses.sh: Operation not permitted
[2026-03-21 05:00 UTC] Search: from specific outreach addresses, last 30 min. Result: No responses found.
/bin/bash: /Users/nicolasbermudez/Documents/OptiStockAI/check_email_responses.sh: Operation not permitted
[2026-03-21 05:30:00 UTC] Email monitor check: No new responses found from OptiStockAI outreach contacts (30m window)
/bin/bash: /Users/nicolasbermudez/Documents/OptiStockAI/check_email_responses.sh: Operation not permitted
[2026-03-21 06:00 UTC] Email monitor check: No responses found from target outreach addresses in the last 30 minutes.
/bin/bash: /Users/nicolasbermudez/Documents/OptiStockAI/check_email_responses.sh: Operation not permitted
/bin/bash: /Users/nicolasbermudez/Documents/OptiStockAI/check_email_responses.sh: Operation not permitted
/bin/bash: /Users/nicolasbermudez/Documents/OptiStockAI/check_email_responses.sh: Operation not permitted
[2026-03-21 07:30:00 UTC] OptiStockAI Email Monitor - No new replies found from target outreach senders in the last 30 minutes.
/bin/bash: /Users/nicolasbermudez/Documents/OptiStockAI/check_email_responses.sh: Operation not permitted
/bin/bash: /Users/nicolasbermudez/Documents/OptiStockAI/check_email_responses.sh: Operation not permitted
[2026-03-21 08:30 UTC] Check completed. No responses found from OptiStockAI outreach contacts in the last 30 minutes.
/bin/bash: /Users/nicolasbermudez/Documents/OptiStockAI/check_email_responses.sh: Operation not permitted
[2026-03-21 09:00 UTC] Email monitor check: No new replies from OptiStockAI outreach contacts in the last 30 minutes.
/bin/bash: /Users/nicolasbermudez/Documents/OptiStockAI/check_email_responses.sh: Operation not permitted
[2026-03-21 09:30 UTC] Check completed — No new responses found.
/bin/bash: /Users/nicolasbermudez/Documents/OptiStockAI/check_email_responses.sh: Operation not permitted
[2026-03-21 10:00:00 UTC] Email check completed. Results: No responses found from target outreach contacts in the last 30 minutes.
/bin/bash: /Users/nicolasbermudez/Documents/OptiStockAI/check_email_responses.sh: Operation not permitted
/bin/bash: /Users/nicolasbermudez/Documents/OptiStockAI/check_email_responses.sh: Operation not permitted
/bin/bash: /Users/nicolasbermudez/Documents/OptiStockAI/check_email_responses.sh: Operation not permitted
/bin/bash: /Users/nicolasbermudez/Documents/OptiStockAI/check_email_responses.sh: Operation not permitted
/bin/bash: /Users/nicolasbermudez/Documents/OptiStockAI/check_email_responses.sh: Operation not permitted
/bin/bash: /Users/nicolasbermudez/Documents/OptiStockAI/check_email_responses.sh: Operation not permitted
/bin/bash: /Users/nicolasbermudez/Documents/OptiStockAI/check_email_responses.sh: Operation not permitted
/bin/bash: /Users/nicolasbermudez/Documents/OptiStockAI/check_email_responses.sh: Operation not permitted
/bin/bash: /Users/nicolasbermudez/Documents/OptiStockAI/check_email_responses.sh: Operation not permitted
/bin/bash: /Users/nicolasbermudez/Documents/OptiStockAI/check_email_responses.sh: Operation not permitted
/bin/bash: /Users/nicolasbermudez/Documents/OptiStockAI/check_email_responses.sh: Operation not permitted
/bin/bash: /Users/nicolasbermudez/Documents/OptiStockAI/check_email_responses.sh: Operation not permitted
/bin/bash: /Users/nicolasbermudez/Documents/OptiStockAI/check_email_responses.sh: Operation not permitted
/bin/bash: /Users/nicolasbermudez/Documents/OptiStockAI/check_email_responses.sh: Operation not permitted
/bin/bash: /Users/nicolasbermudez/Documents/OptiStockAI/check_email_responses.sh: Operation not permitted
/bin/bash: /Users/nicolasbermudez/Documents/OptiStockAI/check_email_responses.sh: Operation not permitted
/bin/bash: /Users/nicolasbermudez/Documents/OptiStockAI/check_email_responses.sh: Operation not permitted
/bin/bash: /Users/nicolasbermudez/Documents/OptiStockAI/check_email_responses.sh: Operation not permitted
/bin/bash: /Users/nicolasbermudez/Documents/OptiStockAI/check_email_responses.sh: Operation not permitted
/bin/bash: /Users/nicolasbermudez/Documents/OptiStockAI/check_email_responses.sh: Operation not permitted
/bin/bash: /Users/nicolasbermudez/Documents/OptiStockAI/check_email_responses.sh: Operation not permitted
/bin/bash: /Users/nicolasbermudez/Documents/OptiStockAI/check_email_responses.sh: Operation not permitted
/bin/bash: /Users/nicolasbermudez/Documents/OptiStockAI/check_email_responses.sh: Operation not permitted
/bin/bash: /Users/nicolasbermudez/Documents/OptiStockAI/check_email_responses.sh: Operation not permitted
/bin/bash: /Users/nicolasbermudez/Documents/OptiStockAI/check_email_responses.sh: Operation not permitted
/bin/bash: /Users/nicolasbermudez/Documents/OptiStockAI/check_email_responses.sh: Operation not permitted
/bin/bash: /Users/nicolasbermudez/Documents/OptiStockAI/check_email_responses.sh: Operation not permitted
/bin/bash: /Users/nicolasbermudez/Documents/OptiStockAI/check_email_responses.sh: Operation not permitted
/bin/bash: /Users/nicolasbermudez/Documents/OptiStockAI/check_email_responses.sh: Operation not permitted
/bin/bash: /Users/nicolasbermudez/Documents/OptiStockAI/check_email_responses.sh: Operation not permitted
/bin/bash: /Users/nicolasbermudez/Documents/OptiStockAI/check_email_responses.sh: Operation not permitted
/bin/bash: /Users/nicolasbermudez/Documents/OptiStockAI/check_email_responses.sh: Operation not permitted
/bin/bash: /Users/nicolasbermudez/Documents/OptiStockAI/check_email_responses.sh: Operation not permitted
/bin/bash: /Users/nicolasbermudez/Documents/OptiStockAI/check_email_responses.sh: Operation not permitted
/bin/bash: /Users/nicolasbermudez/Documents/OptiStockAI/check_email_responses.sh: Operation not permitted
/bin/bash: /Users/nicolasbermudez/Documents/OptiStockAI/check_email_responses.sh: Operation not permitted
/bin/bash: /Users/nicolasbermudez/Documents/OptiStockAI/check_email_responses.sh: Operation not permitted
/bin/bash: /Users/nicolasbermudez/Documents/OptiStockAI/check_email_responses.sh: Operation not permitted
/bin/bash: /Users/nicolasbermudez/Documents/OptiStockAI/check_email_responses.sh: Operation not permitted
/bin/bash: /Users/nicolasbermudez/Documents/OptiStockAI/check_email_responses.sh: Operation not permitted
/bin/bash: /Users/nicolasbermudez/Documents/OptiStockAI/check_email_responses.sh: Operation not permitted
/bin/bash: /Users/nicolasbermudez/Documents/OptiStockAI/check_email_responses.sh: Operation not permitted
/bin/bash: /Users/nicolasbermudez/Documents/OptiStockAI/check_email_responses.sh: Operation not permitted
/bin/bash: /Users/nicolasbermudez/Documents/OptiStockAI/check_email_responses.sh: Operation not permitted
/bin/bash: /Users/nicolasbermudez/Documents/OptiStockAI/check_email_responses.sh: Operation not permitted
/bin/bash: /Users/nicolasbermudez/Documents/OptiStockAI/check_email_responses.sh: Operation not permitted
/bin/bash: /Users/nicolasbermudez/Documents/OptiStockAI/check_email_responses.sh: Operation not permitted
